[0.095s] DEBUG:colcon:Command line arguments: ['/usr/bin/colcon', 'build', '--packages-select', 'ras_bt_framework']
[0.096s] DEBUG:colcon:Parsed command line arguments: Namespace(log_base=None, log_level=None, verb_name='build', build_base='build', install_base='install', merge_install=False, symlink_install=False, test_result_base=None, continue_on_error=False, executor='parallel', parallel_workers=12, event_handlers=None, ignore_user_meta=False, metas=['./colcon.meta'], base_paths=['.'], packages_ignore=None, packages_ignore_regex=None, paths=None, packages_up_to=None, packages_up_to_regex=None, packages_above=None, packages_above_and_dependencies=None, packages_above_depth=None, packages_select_by_dep=None, packages_skip_by_dep=None, packages_skip_up_to=None, packages_select_build_failed=False, packages_skip_build_finished=False, packages_select_test_failures=False, packages_skip_test_passed=False, packages_select=['ras_bt_framework'], packages_skip=None, packages_select_regex=None, packages_skip_regex=None, packages_start=None, packages_end=None, allow_overriding=[], cmake_args=None, cmake_target=None, cmake_target_skip_unavailable=False, cmake_clean_cache=False, cmake_clean_first=False, cmake_force_configure=False, ament_cmake_args=None, catkin_cmake_args=None, catkin_skip_building_tests=False, mixin_files=None, mixin=None, verb_parser=<colcon_mixin.mixin.mixin_argument.MixinArgumentDecorator object at 0x757998876620>, verb_extension=<colcon_core.verb.build.BuildVerb object at 0x757998875ea0>, main=<bound method BuildVerb.main of <colcon_core.verb.build.BuildVerb object at 0x757998875ea0>>, mixin_verb=('build',))
[0.239s] Level 1:colcon.colcon_core.package_discovery:discover_packages(colcon_meta) check parameters
[0.239s] Level 1:colcon.colcon_core.package_discovery:discover_packages(recursive) check parameters
[0.240s] Level 1:colcon.colcon_core.package_discovery:discover_packages(ignore) check parameters
[0.240s] Level 1:colcon.colcon_core.package_discovery:discover_packages(path) check parameters
[0.240s] Level 1:colcon.colcon_core.package_discovery:discover_packages(colcon_meta) discover
[0.240s] Level 1:colcon.colcon_core.package_discovery:discover_packages(recursive) discover
[0.240s] INFO:colcon.colcon_core.package_discovery:Crawling recursively for packages in '/home/ram/ras_docker/ros2_pkgs/ras_bt_framework'
[0.240s] Level 1:colcon.colcon_core.package_identification:_identify(.) by extensions ['ignore', 'ignore_ament_install']
[0.240s] Level 1:colcon.colcon_core.package_identification:_identify(.) by extension 'ignore'
[0.240s] Level 1:colcon.colcon_core.package_identification:_identify(.) by extension 'ignore_ament_install'
[0.240s] Level 1:colcon.colcon_core.package_identification:_identify(.) by extensions ['colcon_pkg']
[0.240s] Level 1:colcon.colcon_core.package_identification:_identify(.) by extension 'colcon_pkg'
[0.240s] Level 1:colcon.colcon_core.package_identification:_identify(.) by extensions ['colcon_meta']
[0.240s] Level 1:colcon.colcon_core.package_identification:_identify(.) by extension 'colcon_meta'
[0.240s] Level 1:colcon.colcon_core.package_identification:_identify(.) by extensions ['ros']
[0.240s] Level 1:colcon.colcon_core.package_identification:_identify(.) by extension 'ros'
[0.250s] DEBUG:colcon.colcon_core.package_identification:Package '.' with type 'ros.ament_cmake' and name 'ras_bt_framework'
[0.250s] Level 1:colcon.colcon_core.package_discovery:discover_packages(recursive) using defaults
[0.250s] Level 1:colcon.colcon_core.package_discovery:discover_packages(ignore) discover
[0.250s] Level 1:colcon.colcon_core.package_discovery:discover_packages(ignore) using defaults
[0.250s] Level 1:colcon.colcon_core.package_discovery:discover_packages(path) discover
[0.251s] Level 1:colcon.colcon_core.package_discovery:discover_packages(path) using defaults
[0.274s] Level 1:colcon.colcon_core.package_discovery:discover_packages(prefix_path) check parameters
[0.275s] Level 1:colcon.colcon_core.package_discovery:discover_packages(prefix_path) discover
[0.277s] DEBUG:colcon.colcon_installed_package_information.package_discovery:Found 367 installed packages in /opt/ros/humble
[0.278s] Level 1:colcon.colcon_core.package_discovery:discover_packages(prefix_path) using defaults
[0.314s] Level 5:colcon.colcon_core.verb:set package 'ras_bt_framework' build argument 'cmake_args' from command line to 'None'
[0.314s] Level 5:colcon.colcon_core.verb:set package 'ras_bt_framework' build argument 'cmake_target' from command line to 'None'
[0.314s] Level 5:colcon.colcon_core.verb:set package 'ras_bt_framework' build argument 'cmake_target_skip_unavailable' from command line to 'False'
[0.314s] Level 5:colcon.colcon_core.verb:set package 'ras_bt_framework' build argument 'cmake_clean_cache' from command line to 'False'
[0.314s] Level 5:colcon.colcon_core.verb:set package 'ras_bt_framework' build argument 'cmake_clean_first' from command line to 'False'
[0.314s] Level 5:colcon.colcon_core.verb:set package 'ras_bt_framework' build argument 'cmake_force_configure' from command line to 'False'
[0.314s] Level 5:colcon.colcon_core.verb:set package 'ras_bt_framework' build argument 'ament_cmake_args' from command line to 'None'
[0.314s] Level 5:colcon.colcon_core.verb:set package 'ras_bt_framework' build argument 'catkin_cmake_args' from command line to 'None'
[0.314s] Level 5:colcon.colcon_core.verb:set package 'ras_bt_framework' build argument 'catkin_skip_building_tests' from command line to 'False'
[0.314s] DEBUG:colcon.colcon_core.verb:Building package 'ras_bt_framework' with the following arguments: {'ament_cmake_args': None, 'build_base': '/home/ram/ras_docker/ros2_pkgs/ras_bt_framework/build/ras_bt_framework', 'catkin_cmake_args': None, 'catkin_skip_building_tests': False, 'cmake_args': None, 'cmake_clean_cache': False, 'cmake_clean_first': False, 'cmake_force_configure': False, 'cmake_target': None, 'cmake_target_skip_unavailable': False, 'install_base': '/home/ram/ras_docker/ros2_pkgs/ras_bt_framework/install/ras_bt_framework', 'merge_install': False, 'path': '/home/ram/ras_docker/ros2_pkgs/ras_bt_framework', 'symlink_install': False, 'test_result_base': None}
[0.314s] INFO:colcon.colcon_core.executor:Executing jobs using 'parallel' executor
[0.315s] DEBUG:colcon.colcon_parallel_executor.executor.parallel:run_until_complete
[0.315s] INFO:colcon.colcon_ros.task.ament_cmake.build:Building ROS package in '/home/ram/ras_docker/ros2_pkgs/ras_bt_framework' with build type 'ament_cmake'
[0.316s] INFO:colcon.colcon_cmake.task.cmake.build:Building CMake package in '/home/ram/ras_docker/ros2_pkgs/ras_bt_framework'
[0.326s] INFO:colcon.colcon_core.plugin_system:Skipping extension 'colcon_core.shell.bat': Not used on non-Windows systems
[0.326s] INFO:colcon.colcon_core.shell:Skip shell extension 'powershell' for command environment: Not usable outside of PowerShell
[0.326s] DEBUG:colcon.colcon_core.shell:Skip shell extension 'dsv' for command environment
[0.333s] DEBUG:colcon.colcon_core.event_handler.log_command:Invoking command in '/home/ram/ras_docker/ros2_pkgs/ras_bt_framework/build/ras_bt_framework': CMAKE_PREFIX_PATH=/opt/ros/humble /usr/bin/cmake /home/ram/ras_docker/ros2_pkgs/ras_bt_framework -DCMAKE_INSTALL_PREFIX=/home/ram/ras_docker/ros2_pkgs/ras_bt_framework/install/ras_bt_framework
[0.948s] DEBUG:colcon.colcon_core.event_handler.log_command:Invoked command in '/home/ram/ras_docker/ros2_pkgs/ras_bt_framework/build/ras_bt_framework' returned '1': CMAKE_PREFIX_PATH=/opt/ros/humble /usr/bin/cmake /home/ram/ras_docker/ros2_pkgs/ras_bt_framework -DCMAKE_INSTALL_PREFIX=/home/ram/ras_docker/ros2_pkgs/ras_bt_framework/install/ras_bt_framework
[0.961s] Level 1:colcon.colcon_core.environment:create_environment_scripts_only(ras_bt_framework)
[0.965s] Level 1:colcon.colcon_core.environment:checking '/home/ram/ras_docker/ros2_pkgs/ras_bt_framework/install/ras_bt_framework' for CMake module files
[0.966s] Level 1:colcon.colcon_core.environment:checking '/home/ram/ras_docker/ros2_pkgs/ras_bt_framework/install/ras_bt_framework' for CMake config files
[0.966s] Level 1:colcon.colcon_core.environment:checking '/home/ram/ras_docker/ros2_pkgs/ras_bt_framework/install/ras_bt_framework/bin'
[0.966s] Level 1:colcon.colcon_core.environment:checking '/home/ram/ras_docker/ros2_pkgs/ras_bt_framework/install/ras_bt_framework/lib/pkgconfig/ras_bt_framework.pc'
[0.966s] Level 1:colcon.colcon_core.environment:checking '/home/ram/ras_docker/ros2_pkgs/ras_bt_framework/install/ras_bt_framework/lib/python3.10/site-packages'
[0.966s] Level 1:colcon.colcon_core.environment:checking '/home/ram/ras_docker/ros2_pkgs/ras_bt_framework/install/ras_bt_framework/bin'
[0.966s] INFO:colcon.colcon_core.shell:Creating package script '/home/ram/ras_docker/ros2_pkgs/ras_bt_framework/install/ras_bt_framework/share/ras_bt_framework/package.ps1'
[0.967s] INFO:colcon.colcon_core.shell:Creating package descriptor '/home/ram/ras_docker/ros2_pkgs/ras_bt_framework/install/ras_bt_framework/share/ras_bt_framework/package.dsv'
[0.968s] INFO:colcon.colcon_core.shell:Creating package script '/home/ram/ras_docker/ros2_pkgs/ras_bt_framework/install/ras_bt_framework/share/ras_bt_framework/package.sh'
[0.968s] INFO:colcon.colcon_core.shell:Creating package script '/home/ram/ras_docker/ros2_pkgs/ras_bt_framework/install/ras_bt_framework/share/ras_bt_framework/package.bash'
[0.969s] INFO:colcon.colcon_core.shell:Creating package script '/home/ram/ras_docker/ros2_pkgs/ras_bt_framework/install/ras_bt_framework/share/ras_bt_framework/package.zsh'
[0.970s] Level 1:colcon.colcon_core.environment:create_file_with_runtime_dependencies(/home/ram/ras_docker/ros2_pkgs/ras_bt_framework/install/ras_bt_framework/share/colcon-core/packages/ras_bt_framework)
[0.980s] DEBUG:colcon.colcon_parallel_executor.executor.parallel:closing loop
[0.980s] DEBUG:colcon.colcon_parallel_executor.executor.parallel:loop closed
[0.980s] DEBUG:colcon.colcon_parallel_executor.executor.parallel:run_until_complete finished with '1'
[0.980s] DEBUG:colcon.colcon_core.event_reactor:joining thread
[0.986s] INFO:colcon.colcon_core.plugin_system:Skipping extension 'colcon_notification.desktop_notification.terminal_notifier': Not used on non-Darwin systems
[0.986s] INFO:colcon.colcon_core.plugin_system:Skipping extension 'colcon_notification.desktop_notification.win32': Not used on non-Windows systems
[0.986s] INFO:colcon.colcon_notification.desktop_notification:Sending desktop notification using 'notify2'
[0.997s] DEBUG:colcon.colcon_core.event_reactor:joined thread
[0.997s] INFO:colcon.colcon_core.shell:Creating prefix script '/home/ram/ras_docker/ros2_pkgs/ras_bt_framework/install/local_setup.ps1'
[0.998s] INFO:colcon.colcon_core.shell:Creating prefix util module '/home/ram/ras_docker/ros2_pkgs/ras_bt_framework/install/_local_setup_util_ps1.py'
[1.000s] INFO:colcon.colcon_core.shell:Creating prefix chain script '/home/ram/ras_docker/ros2_pkgs/ras_bt_framework/install/setup.ps1'
[1.001s] INFO:colcon.colcon_core.shell:Creating prefix script '/home/ram/ras_docker/ros2_pkgs/ras_bt_framework/install/local_setup.sh'
[1.002s] INFO:colcon.colcon_core.shell:Creating prefix util module '/home/ram/ras_docker/ros2_pkgs/ras_bt_framework/install/_local_setup_util_sh.py'
[1.002s] INFO:colcon.colcon_core.shell:Creating prefix chain script '/home/ram/ras_docker/ros2_pkgs/ras_bt_framework/install/setup.sh'
[1.003s] INFO:colcon.colcon_core.shell:Creating prefix script '/home/ram/ras_docker/ros2_pkgs/ras_bt_framework/install/local_setup.bash'
[1.003s] INFO:colcon.colcon_core.shell:Creating prefix chain script '/home/ram/ras_docker/ros2_pkgs/ras_bt_framework/install/setup.bash'
[1.004s] INFO:colcon.colcon_core.shell:Creating prefix script '/home/ram/ras_docker/ros2_pkgs/ras_bt_framework/install/local_setup.zsh'
[1.005s] INFO:colcon.colcon_core.shell:Creating prefix chain script '/home/ram/ras_docker/ros2_pkgs/ras_bt_framework/install/setup.zsh'
