[0.009s] Invoking command in '/home/ram/ras_docker/ros2_pkgs/ras_bt_framework/build/ras_bt_framework': CMAKE_PREFIX_PATH=/opt/ros/humble /usr/bin/cmake /home/ram/ras_docker/ros2_pkgs/ras_bt_framework -DCMAKE_INSTALL_PREFIX=/home/ram/ras_docker/ros2_pkgs/ras_bt_framework/install/ras_bt_framework
[0.020s] -- Found ament_cmake: 1.3.11 (/opt/ros/humble/share/ament_cmake/cmake)
[0.124s] -- Found behaviortree_cpp: 4.6.2 (/opt/ros/humble/share/behaviortree_cpp/cmake)
[0.127s] -- Found rclcpp: 16.0.12 (/opt/ros/humble/share/rclcpp/cmake)
[0.150s] -- Found rosidl_generator_c: 3.1.6 (/opt/ros/humble/share/rosidl_generator_c/cmake)
[0.152s] -- Found rosidl_adapter: 3.1.6 (/opt/ros/humble/share/rosidl_adapter/cmake)
[0.156s] -- Found rosidl_generator_cpp: 3.1.6 (/opt/ros/humble/share/rosidl_generator_cpp/cmake)
[0.164s] -- Using all available rosidl_typesupport_c: rosidl_typesupport_fastrtps_c;rosidl_typesupport_introspection_c
[0.174s] -- Using all available rosidl_typesupport_cpp: rosidl_typesupport_fastrtps_cpp;rosidl_typesupport_introspection_cpp
[0.198s] -- Found rmw_implementation_cmake: 6.1.2 (/opt/ros/humble/share/rmw_implementation_cmake/cmake)
[0.199s] -- Found rmw_fastrtps_cpp: 6.2.7 (/opt/ros/humble/share/rmw_fastrtps_cpp/cmake)
[0.301s] -- Using RMW implementation 'rmw_fastrtps_cpp' as default
[0.340s] -- Found moveit_ros_planning_interface: 2.5.8 (/opt/ros/humble/share/moveit_ros_planning_interface/cmake)
[0.378s] -- Found Boost: /usr/lib/x86_64-linux-gnu/cmake/Boost-1.74.0/BoostConfig.cmake (found version "1.74.0") found components: date_time filesystem program_options system thread 
[0.542s] -- Found Boost: /usr/lib/x86_64-linux-gnu/cmake/Boost-1.74.0/BoostConfig.cmake (found version "1.74.0") found components: chrono date_time filesystem iostreams program_options regex serialization system thread 
[0.588s] -- Found parameter_traits: 0.4.0 (/opt/ros/humble/share/parameter_traits/cmake)
[0.600s] -- Found Eigen3: TRUE (found version "3.4.0") 
[0.603s] -- Found rclcpp_lifecycle: 16.0.12 (/opt/ros/humble/share/rclcpp_lifecycle/cmake)
[0.628s] -- Found Boost: /usr/lib/x86_64-linux-gnu/cmake/Boost-1.74.0/BoostConfig.cmake (found version "1.74.0") found components: filesystem 
[0.726s] -- library: /usr/lib/x86_64-linux-gnu/libcurl.so
[0.759s] -- Ensuring Eigen3 include directory is part of orocos-kdl CMake target
[0.897s] -- Found Boost: /usr/lib/x86_64-linux-gnu/cmake/Boost-1.74.0/BoostConfig.cmake (found version "1.74.0") found components: system filesystem date_time program_options thread chrono 
[0.922s] -- Found Boost: /usr/lib/x86_64-linux-gnu/cmake/Boost-1.74.0/BoostConfig.cmake (found version "1.74.0") found components: thread system filesystem regex date_time program_options 
[0.940s] -- Found Boost: /usr/lib/x86_64-linux-gnu/cmake/Boost-1.74.0/BoostConfig.cmake (found version "1.74.0") found components: system filesystem date_time program_options thread 
[0.966s] -- Found interactive_markers: 2.3.2 (/opt/ros/humble/share/interactive_markers/cmake)
[0.970s] -- Found control_msgs: 4.8.0 (/opt/ros/humble/share/control_msgs/cmake)
[1.003s] [31mCMake Error at CMakeLists.txt:18 (find_package):
[1.003s]   By not providing "Findras_interfaces.cmake" in CMAKE_MODULE_PATH this
[1.003s]   project has asked CMake to find a package configuration file provided by
[1.003s]   "ras_interfaces", but CMake did not find one.
[1.003s] 
[1.003s]   Could not find a package configuration file provided by "ras_interfaces"
[1.003s]   with any of the following names:
[1.003s] 
[1.003s]     ras_interfacesConfig.cmake
[1.004s]     ras_interfaces-config.cmake
[1.004s] 
[1.004s]   Add the installation prefix of "ras_interfaces" to CMAKE_PREFIX_PATH or set
[1.004s]   "ras_interfaces_DIR" to a directory containing one of the above files.  If
[1.004s]   "ras_interfaces" provides a separate development package or SDK, be sure it
[1.004s]   has been installed.
[1.004s] 
[1.004s] [0m
[1.004s] -- Configuring incomplete, errors occurred!
[1.004s] See also "/home/ram/ras_docker/ros2_pkgs/ras_bt_framework/build/ras_bt_framework/CMakeFiles/CMakeOutput.log".
[1.013s] Invoked command in '/home/ram/ras_docker/ros2_pkgs/ras_bt_framework/build/ras_bt_framework' returned '1': CMAKE_PREFIX_PATH=/opt/ros/humble /usr/bin/cmake /home/ram/ras_docker/ros2_pkgs/ras_bt_framework -DCMAKE_INSTALL_PREFIX=/home/ram/ras_docker/ros2_pkgs/ras_bt_framework/install/ras_bt_framework
