[0.017s] Invoking command in '/home/ram/ras_docker/ros2_pkgs/ras_bt_framework/build/ras_bt_framework': CMAKE_PREFIX_PATH=/opt/ros/humble /usr/bin/cmake /home/ram/ras_docker/ros2_pkgs/ras_bt_framework -DCMAKE_INSTALL_PREFIX=/home/ram/ras_docker/ros2_pkgs/ras_bt_framework/install/ras_bt_framework
[0.130s] -- The C compiler identification is GNU 11.4.0
[0.218s] -- The CXX compiler identification is GNU 11.4.0
[0.227s] -- Detecting C compiler ABI info
[0.299s] -- Detecting C compiler ABI info - done
[0.304s] -- Check for working C compiler: /usr/bin/cc - skipped
[0.305s] -- Detecting C compile features
[0.305s] -- Detecting C compile features - done
[0.308s] -- Detecting CXX compiler ABI info
[0.385s] -- Detecting CXX compiler ABI info - done
[0.392s] -- Check for working CXX compiler: /usr/bin/c++ - skipped
[0.392s] -- Detecting CXX compile features
[0.392s] -- Detecting CXX compile features - done
[0.396s] -- Found ament_cmake: 1.3.11 (/opt/ros/humble/share/ament_cmake/cmake)
[0.526s] -- Found Python3: /usr/bin/python3 (found version "3.10.12") found components: Interpreter 
[0.629s] [31mCMake Error at CMakeLists.txt:11 (find_package):
[0.629s]   By not providing "Findbehaviortree_cpp.cmake" in CMAKE_MODULE_PATH this
[0.629s]   project has asked CMake to find a package configuration file provided by
[0.629s]   "behaviortree_cpp", but CMake did not find one.
[0.629s] 
[0.629s]   Could not find a package configuration file provided by "behaviortree_cpp"
[0.629s]   with any of the following names:
[0.629s] 
[0.629s]     behaviortree_cppConfig.cmake
[0.629s]     behaviortree_cpp-config.cmake
[0.629s] 
[0.629s]   Add the installation prefix of "behaviortree_cpp" to CMAKE_PREFIX_PATH or
[0.629s]   set "behaviortree_cpp_DIR" to a directory containing one of the above
[0.629s]   files.  If "behaviortree_cpp" provides a separate development package or
[0.629s]   SDK, be sure it has been installed.
[0.630s] 
[0.630s] [0m
[0.630s] -- Configuring incomplete, errors occurred!
[0.630s] See also "/home/ram/ras_docker/ros2_pkgs/ras_bt_framework/build/ras_bt_framework/CMakeFiles/CMakeOutput.log".
[0.633s] Invoked command in '/home/ram/ras_docker/ros2_pkgs/ras_bt_framework/build/ras_bt_framework' returned '1': CMAKE_PREFIX_PATH=/opt/ros/humble /usr/bin/cmake /home/ram/ras_docker/ros2_pkgs/ras_bt_framework -DCMAKE_INSTALL_PREFIX=/home/ram/ras_docker/ros2_pkgs/ras_bt_framework/install/ras_bt_framework
